2025-06-17 10:41:26,459 - utils.logging_config - INFO - Logging configured successfully
2025-06-17 10:41:26,606 - utils.logging_config - INFO - Logging configured successfully
2025-06-17 10:41:26,639 - httpx - INFO - HTTP Request: GET https://api.gradio.app/gradio-messaging/en "HTTP/1.1 200 OK"
2025-06-17 10:41:26,815 - httpx - INFO - HTTP Request: GET https://api.gradio.app/gradio-messaging/en "HTTP/1.1 200 OK"
2025-06-17 10:41:29,748 - utils.logging_config - INFO - Logging configured successfully
2025-06-17 10:41:29,851 - utils.logging_config - INFO - Logging configured successfully
2025-06-17 10:41:29,925 - httpx - INFO - HTTP Request: GET https://api.gradio.app/gradio-messaging/en "HTTP/1.1 200 OK"
2025-06-17 10:41:29,988 - httpx - INFO - HTTP Request: GET https://api.gradio.app/gradio-messaging/en "HTTP/1.1 200 OK"
2025-06-17 10:41:33,037 - utils.logging_config - INFO - Logging configured successfully
2025-06-17 10:41:33,170 - utils.logging_config - INFO - Logging configured successfully
2025-06-17 10:41:33,238 - httpx - INFO - HTTP Request: GET https://api.gradio.app/gradio-messaging/en "HTTP/1.1 200 OK"
2025-06-17 10:41:33,274 - httpx - INFO - HTTP Request: GET https://api.gradio.app/gradio-messaging/en "HTTP/1.1 200 OK"
2025-06-17 10:41:36,407 - utils.logging_config - INFO - Logging configured successfully
2025-06-17 10:41:36,509 - utils.logging_config - INFO - Logging configured successfully
2025-06-17 10:41:36,570 - httpx - INFO - HTTP Request: GET https://api.gradio.app/gradio-messaging/en "HTTP/1.1 200 OK"
2025-06-17 10:41:36,613 - httpx - INFO - HTTP Request: GET https://api.gradio.app/gradio-messaging/en "HTTP/1.1 200 OK"
2025-06-17 10:41:40,266 - utils.logging_config - INFO - Logging configured successfully
2025-06-17 10:41:40,348 - httpx - INFO - HTTP Request: GET https://api.gradio.app/gradio-messaging/en "HTTP/1.1 200 OK"
2025-06-17 10:41:40,365 - utils.logging_config - INFO - Logging configured successfully
2025-06-17 10:41:40,436 - httpx - INFO - HTTP Request: GET https://api.gradio.app/gradio-messaging/en "HTTP/1.1 200 OK"
2025-06-17 10:41:44,838 - utils.logging_config - INFO - Logging configured successfully
2025-06-17 10:41:44,839 - utils.logging_config - INFO - Logging configured successfully
2025-06-17 10:41:51,006 - utils.logging_config - INFO - Logging configured successfully
2025-06-17 10:41:51,049 - utils.logging_config - INFO - Logging configured successfully
2025-06-17 10:41:51,103 - httpx - INFO - HTTP Request: GET https://api.gradio.app/gradio-messaging/en "HTTP/1.1 200 OK"
2025-06-17 10:41:51,210 - httpx - INFO - HTTP Request: GET https://api.gradio.app/gradio-messaging/en "HTTP/1.1 200 OK"
2025-06-17 10:42:00,366 - utils.logging_config - INFO - Logging configured successfully
2025-06-17 10:42:00,407 - utils.logging_config - INFO - Logging configured successfully
2025-06-17 10:42:00,475 - httpx - INFO - HTTP Request: GET https://api.gradio.app/gradio-messaging/en "HTTP/1.1 200 OK"
2025-06-17 10:42:00,583 - httpx - INFO - HTTP Request: GET https://api.gradio.app/gradio-messaging/en "HTTP/1.1 200 OK"
2025-06-17 10:42:16,087 - utils.logging_config - INFO - Logging configured successfully
2025-06-17 10:42:16,286 - utils.logging_config - INFO - Logging configured successfully
2025-06-17 10:42:16,332 - httpx - INFO - HTTP Request: GET https://api.gradio.app/gradio-messaging/en "HTTP/1.1 200 OK"
2025-06-17 10:42:16,361 - httpx - INFO - HTTP Request: GET https://api.gradio.app/gradio-messaging/en "HTTP/1.1 200 OK"
2025-06-17 10:45:48,657 - utils.logging_config - INFO - Logging configured successfully
2025-06-17 10:45:48,891 - utils.logging_config - INFO - Logging configured successfully
2025-06-17 10:45:48,911 - scheduler.cve_scheduler - INFO - Scheduler started - CVE updates every 12 hours, model retraining weekly
2025-06-17 10:45:48,961 - httpx - INFO - HTTP Request: GET https://api.gradio.app/gradio-messaging/en "HTTP/1.1 200 OK"
2025-06-17 10:45:49,025 - httpx - INFO - HTTP Request: GET https://api.gradio.app/gradio-messaging/en "HTTP/1.1 200 OK"
2025-06-17 10:45:49,220 - api.cve_analyst_api - WARNING - Trained model not found, using base model
2025-06-17 10:51:33,270 - utils.logging_config - INFO - Logging configured successfully
2025-06-17 10:51:33,484 - utils.logging_config - INFO - Logging configured successfully
2025-06-17 10:51:33,505 - scheduler.cve_scheduler - INFO - Scheduler started - CVE updates every 12 hours, model retraining weekly
2025-06-17 10:51:33,509 - httpx - INFO - HTTP Request: GET https://api.gradio.app/gradio-messaging/en "HTTP/1.1 200 OK"
2025-06-17 10:51:33,619 - httpx - INFO - HTTP Request: GET https://api.gradio.app/gradio-messaging/en "HTTP/1.1 200 OK"
2025-06-17 10:51:33,990 - api.cve_analyst_api - WARNING - Trained model not found, using base model
2025-06-17 10:56:41,892 - utils.logging_config - INFO - Logging configured successfully
2025-06-17 10:56:42,131 - httpx - INFO - HTTP Request: GET https://api.gradio.app/gradio-messaging/en "HTTP/1.1 200 OK"
2025-06-17 10:56:42,513 - api.cve_analyst_api - WARNING - Trained model not found, using base model
2025-06-17 10:56:48,689 - utils.logging_config - INFO - Logging configured successfully
2025-06-17 10:56:48,765 - httpx - INFO - HTTP Request: GET https://api.gradio.app/gradio-messaging/en "HTTP/1.1 200 OK"
2025-06-17 10:56:49,226 - api.cve_analyst_api - WARNING - Trained model not found, using base model
2025-06-17 10:56:55,813 - utils.logging_config - INFO - Logging configured successfully
2025-06-17 10:56:56,082 - httpx - INFO - HTTP Request: GET https://api.gradio.app/gradio-messaging/en "HTTP/1.1 200 OK"
2025-06-17 10:56:56,389 - api.cve_analyst_api - WARNING - Trained model not found, using base model
2025-06-17 10:57:03,136 - utils.logging_config - INFO - Logging configured successfully
2025-06-17 10:57:03,382 - httpx - INFO - HTTP Request: GET https://api.gradio.app/gradio-messaging/en "HTTP/1.1 200 OK"
2025-06-17 10:57:03,669 - api.cve_analyst_api - WARNING - Trained model not found, using base model
2025-06-17 10:57:11,287 - utils.logging_config - INFO - Logging configured successfully
2025-06-17 10:57:11,523 - httpx - INFO - HTTP Request: GET https://api.gradio.app/gradio-messaging/en "HTTP/1.1 200 OK"
2025-06-17 10:57:11,822 - api.cve_analyst_api - WARNING - Trained model not found, using base model
2025-06-17 10:57:21,028 - utils.logging_config - INFO - Logging configured successfully
2025-06-17 10:57:21,244 - httpx - INFO - HTTP Request: GET https://api.gradio.app/gradio-messaging/en "HTTP/1.1 200 OK"
2025-06-17 10:57:21,585 - api.cve_analyst_api - WARNING - Trained model not found, using base model
2025-06-17 10:57:33,915 - utils.logging_config - INFO - Logging configured successfully
2025-06-17 10:57:34,295 - httpx - INFO - HTTP Request: GET https://api.gradio.app/gradio-messaging/en "HTTP/1.1 200 OK"
2025-06-17 10:57:34,468 - api.cve_analyst_api - WARNING - Trained model not found, using base model
2025-06-17 10:57:53,125 - utils.logging_config - INFO - Logging configured successfully
2025-06-17 10:57:53,237 - httpx - INFO - HTTP Request: GET https://api.gradio.app/gradio-messaging/en "HTTP/1.1 200 OK"
2025-06-17 10:57:53,688 - api.cve_analyst_api - WARNING - Trained model not found, using base model
2025-06-17 10:58:25,727 - utils.logging_config - INFO - Logging configured successfully
2025-06-17 10:58:25,894 - httpx - INFO - HTTP Request: GET https://api.gradio.app/gradio-messaging/en "HTTP/1.1 200 OK"
2025-06-17 10:58:26,266 - api.cve_analyst_api - WARNING - Trained model not found, using base model
2025-06-17 10:59:23,875 - utils.logging_config - INFO - Logging configured successfully
2025-06-17 10:59:23,950 - httpx - INFO - HTTP Request: GET https://api.gradio.app/gradio-messaging/en "HTTP/1.1 200 OK"
2025-06-17 10:59:24,433 - api.cve_analyst_api - WARNING - Trained model not found, using base model
2025-06-17 11:00:30,704 - utils.logging_config - INFO - Logging configured successfully
2025-06-17 11:00:30,921 - httpx - INFO - HTTP Request: GET https://api.gradio.app/gradio-messaging/en "HTTP/1.1 200 OK"
2025-06-17 11:00:31,295 - api.cve_analyst_api - WARNING - Trained model not found, using base model
2025-06-17 11:01:38,758 - utils.logging_config - INFO - Logging configured successfully
2025-06-17 11:01:39,036 - httpx - INFO - HTTP Request: GET https://api.gradio.app/gradio-messaging/en "HTTP/1.1 200 OK"
2025-06-17 11:01:39,336 - api.cve_analyst_api - WARNING - Trained model not found, using base model
2025-06-17 11:02:45,534 - utils.logging_config - INFO - Logging configured successfully
2025-06-17 11:02:45,617 - httpx - INFO - HTTP Request: GET https://api.gradio.app/gradio-messaging/en "HTTP/1.1 200 OK"
2025-06-17 11:02:46,086 - api.cve_analyst_api - WARNING - Trained model not found, using base model
2025-06-17 11:03:52,797 - utils.logging_config - INFO - Logging configured successfully
2025-06-17 11:03:53,042 - httpx - INFO - HTTP Request: GET https://api.gradio.app/gradio-messaging/en "HTTP/1.1 200 OK"
2025-06-17 11:03:53,367 - api.cve_analyst_api - WARNING - Trained model not found, using base model
2025-06-17 11:05:01,160 - utils.logging_config - INFO - Logging configured successfully
2025-06-17 11:05:01,398 - httpx - INFO - HTTP Request: GET https://api.gradio.app/gradio-messaging/en "HTTP/1.1 200 OK"
2025-06-17 11:05:01,743 - api.cve_analyst_api - WARNING - Trained model not found, using base model
2025-06-17 11:06:07,767 - utils.logging_config - INFO - Logging configured successfully
2025-06-17 11:06:07,795 - httpx - INFO - HTTP Request: GET https://api.gradio.app/gradio-messaging/en "HTTP/1.1 200 OK"
2025-06-17 11:06:08,290 - api.cve_analyst_api - WARNING - Trained model not found, using base model
2025-06-17 11:07:14,233 - utils.logging_config - INFO - Logging configured successfully
2025-06-17 11:07:14,395 - httpx - INFO - HTTP Request: GET https://api.gradio.app/gradio-messaging/en "HTTP/1.1 200 OK"
2025-06-17 11:07:14,771 - api.cve_analyst_api - WARNING - Trained model not found, using base model
2025-06-17 11:08:20,686 - utils.logging_config - INFO - Logging configured successfully
2025-06-17 11:08:21,214 - api.cve_analyst_api - WARNING - Trained model not found, using base model
2025-06-17 11:09:27,821 - utils.logging_config - INFO - Logging configured successfully
2025-06-17 11:09:28,008 - httpx - INFO - HTTP Request: GET https://api.gradio.app/gradio-messaging/en "HTTP/1.1 200 OK"
2025-06-17 11:09:28,355 - api.cve_analyst_api - WARNING - Trained model not found, using base model
2025-06-17 11:10:34,389 - utils.logging_config - INFO - Logging configured successfully
2025-06-17 11:10:34,490 - httpx - INFO - HTTP Request: GET https://api.gradio.app/gradio-messaging/en "HTTP/1.1 200 OK"
2025-06-17 11:10:34,946 - api.cve_analyst_api - WARNING - Trained model not found, using base model
2025-06-17 11:11:41,844 - utils.logging_config - INFO - Logging configured successfully
2025-06-17 11:11:42,445 - api.cve_analyst_api - WARNING - Trained model not found, using base model
2025-06-17 11:11:43,008 - httpx - INFO - HTTP Request: GET https://api.gradio.app/gradio-messaging/en "HTTP/1.1 200 OK"
2025-06-17 11:12:48,692 - utils.logging_config - INFO - Logging configured successfully
2025-06-17 11:12:48,889 - httpx - INFO - HTTP Request: GET https://api.gradio.app/gradio-messaging/en "HTTP/1.1 200 OK"
2025-06-17 11:12:49,224 - api.cve_analyst_api - WARNING - Trained model not found, using base model
2025-06-17 11:13:55,407 - utils.logging_config - INFO - Logging configured successfully
2025-06-17 11:13:55,666 - httpx - INFO - HTTP Request: GET https://api.gradio.app/gradio-messaging/en "HTTP/1.1 200 OK"
2025-06-17 11:13:55,971 - api.cve_analyst_api - WARNING - Trained model not found, using base model
2025-06-17 11:15:04,057 - utils.logging_config - INFO - Logging configured successfully
2025-06-17 11:15:04,311 - httpx - INFO - HTTP Request: GET https://api.gradio.app/gradio-messaging/en "HTTP/1.1 200 OK"
2025-06-17 11:15:04,591 - api.cve_analyst_api - WARNING - Trained model not found, using base model
2025-06-17 11:16:10,462 - utils.logging_config - INFO - Logging configured successfully
2025-06-17 11:16:10,562 - httpx - INFO - HTTP Request: GET https://api.gradio.app/gradio-messaging/en "HTTP/1.1 200 OK"
2025-06-17 11:16:11,003 - api.cve_analyst_api - WARNING - Trained model not found, using base model
2025-06-17 11:17:16,779 - utils.logging_config - INFO - Logging configured successfully
2025-06-17 11:17:16,966 - httpx - INFO - HTTP Request: GET https://api.gradio.app/gradio-messaging/en "HTTP/1.1 200 OK"
2025-06-17 11:17:17,363 - api.cve_analyst_api - WARNING - Trained model not found, using base model
2025-06-17 11:18:23,200 - utils.logging_config - INFO - Logging configured successfully
2025-06-17 11:18:23,493 - httpx - INFO - HTTP Request: GET https://api.gradio.app/gradio-messaging/en "HTTP/1.1 200 OK"
2025-06-17 11:18:23,748 - api.cve_analyst_api - WARNING - Trained model not found, using base model
2025-06-17 11:19:29,892 - utils.logging_config - INFO - Logging configured successfully
2025-06-17 11:19:30,159 - httpx - INFO - HTTP Request: GET https://api.gradio.app/gradio-messaging/en "HTTP/1.1 200 OK"
2025-06-17 11:19:30,440 - api.cve_analyst_api - WARNING - Trained model not found, using base model
2025-06-17 11:20:36,667 - utils.logging_config - INFO - Logging configured successfully
2025-06-17 11:20:36,843 - httpx - INFO - HTTP Request: GET https://api.gradio.app/gradio-messaging/en "HTTP/1.1 200 OK"
2025-06-17 11:20:37,207 - api.cve_analyst_api - WARNING - Trained model not found, using base model
2025-06-17 11:21:44,376 - utils.logging_config - INFO - Logging configured successfully
2025-06-17 11:21:44,619 - httpx - INFO - HTTP Request: GET https://api.gradio.app/gradio-messaging/en "HTTP/1.1 200 OK"
2025-06-17 11:21:44,919 - api.cve_analyst_api - WARNING - Trained model not found, using base model
2025-06-17 11:22:51,492 - utils.logging_config - INFO - Logging configured successfully
2025-06-17 11:22:51,744 - httpx - INFO - HTTP Request: GET https://api.gradio.app/gradio-messaging/en "HTTP/1.1 200 OK"
2025-06-17 11:22:52,029 - api.cve_analyst_api - WARNING - Trained model not found, using base model
2025-06-17 11:23:58,722 - utils.logging_config - INFO - Logging configured successfully
2025-06-17 11:23:58,930 - httpx - INFO - HTTP Request: GET https://api.gradio.app/gradio-messaging/en "HTTP/1.1 200 OK"
2025-06-17 11:23:59,260 - api.cve_analyst_api - WARNING - Trained model not found, using base model
2025-06-17 11:25:05,376 - utils.logging_config - INFO - Logging configured successfully
2025-06-17 11:25:05,518 - httpx - INFO - HTTP Request: GET https://api.gradio.app/gradio-messaging/en "HTTP/1.1 200 OK"
2025-06-17 11:25:05,952 - api.cve_analyst_api - WARNING - Trained model not found, using base model
2025-06-17 11:26:19,002 - utils.logging_config - INFO - Logging configured successfully
2025-06-17 11:26:19,256 - httpx - INFO - HTTP Request: GET https://api.gradio.app/gradio-messaging/en "HTTP/1.1 200 OK"
2025-06-17 11:26:19,543 - api.cve_analyst_api - WARNING - Trained model not found, using base model
2025-06-17 11:26:28,671 - utils.logging_config - INFO - Logging configured successfully
2025-06-17 11:26:28,905 - httpx - INFO - HTTP Request: GET https://api.gradio.app/gradio-messaging/en "HTTP/1.1 200 OK"
2025-06-17 11:26:29,228 - api.cve_analyst_api - WARNING - Trained model not found, using base model
2025-06-17 11:26:37,283 - utils.logging_config - INFO - Logging configured successfully
2025-06-17 11:26:37,356 - httpx - INFO - HTTP Request: GET https://api.gradio.app/gradio-messaging/en "HTTP/1.1 200 OK"
2025-06-17 11:26:37,850 - api.cve_analyst_api - WARNING - Trained model not found, using base model
2025-06-17 11:26:46,134 - utils.logging_config - INFO - Logging configured successfully
2025-06-17 11:26:46,338 - httpx - INFO - HTTP Request: GET https://api.gradio.app/gradio-messaging/en "HTTP/1.1 200 OK"
2025-06-17 11:26:46,716 - api.cve_analyst_api - WARNING - Trained model not found, using base model
2025-06-17 11:26:53,796 - utils.logging_config - INFO - Logging configured successfully
2025-06-17 11:26:54,046 - httpx - INFO - HTTP Request: GET https://api.gradio.app/gradio-messaging/en "HTTP/1.1 200 OK"
2025-06-17 11:26:54,362 - api.cve_analyst_api - WARNING - Trained model not found, using base model
2025-06-17 11:27:02,184 - utils.logging_config - INFO - Logging configured successfully
2025-06-17 11:27:02,442 - httpx - INFO - HTTP Request: GET https://api.gradio.app/gradio-messaging/en "HTTP/1.1 200 OK"
2025-06-17 11:27:02,739 - api.cve_analyst_api - WARNING - Trained model not found, using base model
2025-06-17 11:27:12,003 - utils.logging_config - INFO - Logging configured successfully
2025-06-17 11:27:12,168 - httpx - INFO - HTTP Request: GET https://api.gradio.app/gradio-messaging/en "HTTP/1.1 200 OK"
2025-06-17 11:27:12,548 - api.cve_analyst_api - WARNING - Trained model not found, using base model
2025-06-17 11:27:34,620 - utils.logging_config - INFO - Logging configured successfully
2025-06-17 11:27:34,637 - httpx - INFO - HTTP Request: GET https://api.gradio.app/gradio-messaging/en "HTTP/1.1 200 OK"
2025-06-17 11:27:35,235 - api.cve_analyst_api - WARNING - Trained model not found, using base model
2025-06-17 11:27:55,127 - utils.logging_config - INFO - Logging configured successfully
2025-06-17 11:27:55,251 - httpx - INFO - HTTP Request: GET https://api.gradio.app/gradio-messaging/en "HTTP/1.1 200 OK"
2025-06-17 11:27:55,731 - api.cve_analyst_api - WARNING - Trained model not found, using base model
2025-06-17 11:28:31,672 - utils.logging_config - INFO - Logging configured successfully
2025-06-17 11:28:31,833 - httpx - INFO - HTTP Request: GET https://api.gradio.app/gradio-messaging/en "HTTP/1.1 200 OK"
2025-06-17 11:28:32,264 - api.cve_analyst_api - WARNING - Trained model not found, using base model
2025-06-17 11:29:30,945 - utils.logging_config - INFO - Logging configured successfully
2025-06-17 11:29:31,432 - httpx - INFO - HTTP Request: GET https://api.gradio.app/gradio-messaging/en "HTTP/1.1 200 OK"
2025-06-17 11:29:31,504 - api.cve_analyst_api - WARNING - Trained model not found, using base model
2025-06-17 11:30:24,880 - utils.logging_config - INFO - Logging configured successfully
2025-06-17 11:30:24,970 - utils.logging_config - INFO - Logging configured successfully
2025-06-17 11:30:25,024 - scheduler.cve_scheduler - INFO - Scheduler started - CVE updates every 12 hours, model retraining weekly
2025-06-17 11:30:25,074 - httpx - INFO - HTTP Request: GET https://api.gradio.app/gradio-messaging/en "HTTP/1.1 200 OK"
2025-06-17 11:30:25,074 - httpx - INFO - HTTP Request: GET https://api.gradio.app/gradio-messaging/en "HTTP/1.1 200 OK"
2025-06-17 11:30:25,267 - api.cve_analyst_api - WARNING - Trained model not found, using base model
2025-06-17 11:35:50,469 - huggingface_hub.file_download - WARNING - Error while downloading from https://cdn-lfs-us-1.hf.co/repos/ce/fb/cefbbf2dab4f425037697081a326fd0bcaf8af239e502d6573186402ee2a5b31/4ff570bf9a558d23c5cb4171bad00daf663be8282150cdb5769e0f6975b0007a?response-content-disposition=inline%3B+filename*%3DUTF-8%27%27model.safetensors%3B+filename%3D%22model.safetensors%22%3B&Expires=1750163430&Policy=eyJTdGF0ZW1lbnQiOlt7IkNvbmRpdGlvbiI6eyJEYXRlTGVzc1RoYW4iOnsiQVdTOkVwb2NoVGltZSI6MTc1MDE2MzQzMH19LCJSZXNvdXJjZSI6Imh0dHBzOi8vY2RuLWxmcy11cy0xLmhmLmNvL3JlcG9zL2NlL2ZiL2NlZmJiZjJkYWI0ZjQyNTAzNzY5NzA4MWEzMjZmZDBiY2FmOGFmMjM5ZTUwMmQ2NTczMTg2NDAyZWUyYTViMzEvNGZmNTcwYmY5YTU1OGQyM2M1Y2I0MTcxYmFkMDBkYWY2NjNiZTgyODIxNTBjZGI1NzY5ZTBmNjk3NWIwMDA3YT9yZXNwb25zZS1jb250ZW50LWRpc3Bvc2l0aW9uPSoifV19&Signature=SbKFVEQcdwnW5SEWsqB5GrYnXP6nkyI7ge79-kzy3oSXWrfr1a3Mqh%7EwqMaTZBvsuRas-sTJq5ynFFyiHA9X45PtiAGen05e6jSpmWNMsV4A8l3dIWkcHVUxU35PAwS07-ZCj-%7EYIRNF%7EwdU9rXV1p%7ErufOiP9sQsnjNmfinnECR-LFqNmK20HoB1Vt%7EypCF2j6acnp-hqRInebISn4flJDGkNyBzQ4vnqBPLdW95l8n8dU1R4tWznrID0-e2vFt%7Ex8o2vSTiYX4fDS2FefMcnTZ1Nd4YmPdaP5srLKLuwvbKlrGbf%7EBfDGbRe54k7KgX6I16pT5cKBI-9xD9x%7EGfg__&Key-Pair-Id=K24J24Z295AEI9: HTTPSConnectionPool(host='cdn-lfs-us-1.hf.co', port=443): Read timed out.
Trying to resume download...
2025-06-17 11:36:31,532 - utils.logging_config - INFO - Logging configured successfully
2025-06-17 11:36:31,597 - httpx - INFO - HTTP Request: GET https://api.gradio.app/gradio-messaging/en "HTTP/1.1 200 OK"
2025-06-17 11:36:31,864 - api.cve_analyst_api - WARNING - Trained model not found, using base model
2025-06-17 11:36:39,164 - utils.logging_config - INFO - Logging configured successfully
2025-06-17 11:36:39,193 - httpx - INFO - HTTP Request: GET https://api.gradio.app/gradio-messaging/en "HTTP/1.1 200 OK"
2025-06-17 11:36:39,535 - api.cve_analyst_api - WARNING - Trained model not found, using base model
2025-06-17 11:36:45,994 - utils.logging_config - INFO - Logging configured successfully
2025-06-17 11:36:46,030 - httpx - INFO - HTTP Request: GET https://api.gradio.app/gradio-messaging/en "HTTP/1.1 200 OK"
2025-06-17 11:36:46,324 - api.cve_analyst_api - WARNING - Trained model not found, using base model
2025-06-17 11:36:53,101 - utils.logging_config - INFO - Logging configured successfully
2025-06-17 11:36:53,420 - httpx - INFO - HTTP Request: GET https://api.gradio.app/gradio-messaging/en "HTTP/1.1 200 OK"
2025-06-17 11:36:53,444 - api.cve_analyst_api - WARNING - Trained model not found, using base model
2025-06-17 11:37:01,034 - utils.logging_config - INFO - Logging configured successfully
2025-06-17 11:37:01,352 - httpx - INFO - HTTP Request: GET https://api.gradio.app/gradio-messaging/en "HTTP/1.1 200 OK"
2025-06-17 11:37:01,384 - api.cve_analyst_api - WARNING - Trained model not found, using base model
2025-06-17 11:37:10,710 - utils.logging_config - INFO - Logging configured successfully
2025-06-17 11:37:11,044 - httpx - INFO - HTTP Request: GET https://api.gradio.app/gradio-messaging/en "HTTP/1.1 200 OK"
2025-06-17 11:37:11,044 - api.cve_analyst_api - WARNING - Trained model not found, using base model
2025-06-17 11:37:23,840 - utils.logging_config - INFO - Logging configured successfully
2025-06-17 11:37:24,212 - api.cve_analyst_api - WARNING - Trained model not found, using base model
2025-06-17 11:37:43,203 - utils.logging_config - INFO - Logging configured successfully
2025-06-17 11:37:43,521 - httpx - INFO - HTTP Request: GET https://api.gradio.app/gradio-messaging/en "HTTP/1.1 200 OK"
2025-06-17 11:37:43,531 - api.cve_analyst_api - WARNING - Trained model not found, using base model
2025-06-17 11:38:15,257 - utils.logging_config - INFO - Logging configured successfully
2025-06-17 11:38:15,436 - httpx - INFO - HTTP Request: GET https://api.gradio.app/gradio-messaging/en "HTTP/1.1 200 OK"
2025-06-17 11:38:15,624 - api.cve_analyst_api - WARNING - Trained model not found, using base model
2025-06-17 11:39:12,941 - utils.logging_config - INFO - Logging configured successfully
2025-06-17 11:39:13,015 - httpx - INFO - HTTP Request: GET https://api.gradio.app/gradio-messaging/en "HTTP/1.1 200 OK"
2025-06-17 11:39:13,266 - api.cve_analyst_api - WARNING - Trained model not found, using base model
2025-06-17 11:40:19,206 - utils.logging_config - INFO - Logging configured successfully
2025-06-17 11:40:19,541 - httpx - INFO - HTTP Request: GET https://api.gradio.app/gradio-messaging/en "HTTP/1.1 200 OK"
2025-06-17 11:40:19,574 - api.cve_analyst_api - WARNING - Trained model not found, using base model
2025-06-17 11:41:25,593 - utils.logging_config - INFO - Logging configured successfully
2025-06-17 11:41:25,886 - httpx - INFO - HTTP Request: GET https://api.gradio.app/gradio-messaging/en "HTTP/1.1 200 OK"
2025-06-17 11:41:25,921 - api.cve_analyst_api - WARNING - Trained model not found, using base model
2025-06-17 11:42:32,154 - utils.logging_config - INFO - Logging configured successfully
2025-06-17 11:42:32,197 - httpx - INFO - HTTP Request: GET https://api.gradio.app/gradio-messaging/en "HTTP/1.1 200 OK"
2025-06-17 11:42:32,495 - api.cve_analyst_api - WARNING - Trained model not found, using base model
2025-06-17 11:43:38,523 - utils.logging_config - INFO - Logging configured successfully
2025-06-17 11:43:38,563 - httpx - INFO - HTTP Request: GET https://api.gradio.app/gradio-messaging/en "HTTP/1.1 200 OK"
2025-06-17 11:43:38,909 - api.cve_analyst_api - WARNING - Trained model not found, using base model
2025-06-17 11:43:59,918 - utils.logging_config - INFO - Logging configured successfully
2025-06-17 11:44:00,056 - utils.logging_config - INFO - Logging configured successfully
2025-06-17 11:44:00,067 - scheduler.cve_scheduler - INFO - Scheduler started - CVE updates every 12 hours, model retraining weekly
2025-06-17 11:44:00,151 - httpx - INFO - HTTP Request: GET https://api.gradio.app/gradio-messaging/en "HTTP/1.1 200 OK"
2025-06-17 11:44:00,270 - api.cve_analyst_api - WARNING - Trained model not found, using base model
2025-06-17 11:46:41,573 - utils.logging_config - INFO - Logging configured successfully
2025-06-17 11:46:41,918 - api.cve_analyst_api - WARNING - Trained model not found, using base model
2025-06-17 11:46:42,442 - httpx - INFO - HTTP Request: GET https://api.gradio.app/gradio-messaging/en "HTTP/1.1 200 OK"
2025-06-17 11:46:49,320 - utils.logging_config - INFO - Logging configured successfully
2025-06-17 11:46:49,515 - httpx - INFO - HTTP Request: GET https://api.gradio.app/gradio-messaging/en "HTTP/1.1 200 OK"
2025-06-17 11:46:49,666 - api.cve_analyst_api - WARNING - Trained model not found, using base model
2025-06-17 11:46:57,161 - utils.logging_config - INFO - Logging configured successfully
2025-06-17 11:46:57,362 - httpx - INFO - HTTP Request: GET https://api.gradio.app/gradio-messaging/en "HTTP/1.1 200 OK"
2025-06-17 11:46:57,547 - api.cve_analyst_api - WARNING - Trained model not found, using base model
2025-06-17 11:47:04,822 - utils.logging_config - INFO - Logging configured successfully
2025-06-17 11:47:05,137 - httpx - INFO - HTTP Request: GET https://api.gradio.app/gradio-messaging/en "HTTP/1.1 200 OK"
2025-06-17 11:47:05,165 - api.cve_analyst_api - WARNING - Trained model not found, using base model
2025-06-17 11:47:12,844 - utils.logging_config - INFO - Logging configured successfully
2025-06-17 11:47:12,853 - httpx - INFO - HTTP Request: GET https://api.gradio.app/gradio-messaging/en "HTTP/1.1 200 OK"
2025-06-17 11:47:13,186 - api.cve_analyst_api - WARNING - Trained model not found, using base model
2025-06-17 11:47:22,227 - utils.logging_config - INFO - Logging configured successfully
2025-06-17 11:47:22,511 - httpx - INFO - HTTP Request: GET https://api.gradio.app/gradio-messaging/en "HTTP/1.1 200 OK"
2025-06-17 11:47:22,537 - api.cve_analyst_api - WARNING - Trained model not found, using base model
2025-06-17 11:47:34,937 - utils.logging_config - INFO - Logging configured successfully
2025-06-17 11:47:35,112 - httpx - INFO - HTTP Request: GET https://api.gradio.app/gradio-messaging/en "HTTP/1.1 200 OK"
2025-06-17 11:47:35,305 - api.cve_analyst_api - WARNING - Trained model not found, using base model
2025-06-17 11:47:54,387 - utils.logging_config - INFO - Logging configured successfully
2025-06-17 11:47:54,482 - httpx - INFO - HTTP Request: GET https://api.gradio.app/gradio-messaging/en "HTTP/1.1 200 OK"
2025-06-17 11:47:54,706 - api.cve_analyst_api - WARNING - Trained model not found, using base model
2025-06-17 11:48:26,697 - utils.logging_config - INFO - Logging configured successfully
2025-06-17 11:48:26,908 - httpx - INFO - HTTP Request: GET https://api.gradio.app/gradio-messaging/en "HTTP/1.1 200 OK"
2025-06-17 11:48:27,000 - api.cve_analyst_api - WARNING - Trained model not found, using base model
2025-06-17 11:49:24,115 - utils.logging_config - INFO - Logging configured successfully
2025-06-17 11:49:24,346 - httpx - INFO - HTTP Request: GET https://api.gradio.app/gradio-messaging/en "HTTP/1.1 200 OK"
2025-06-17 11:49:24,433 - api.cve_analyst_api - WARNING - Trained model not found, using base model
2025-06-17 11:50:38,497 - utils.logging_config - INFO - Logging configured successfully
2025-06-17 11:50:38,742 - utils.logging_config - INFO - Logging configured successfully
2025-06-17 11:50:38,790 - scheduler.cve_scheduler - INFO - Scheduler started - CVE updates every 12 hours, model retraining weekly
2025-06-17 11:50:38,871 - api.cve_analyst_api - WARNING - Trained model not found, using base model
2025-06-17 12:01:41,919 - utils.logging_config - INFO - Logging configured successfully
2025-06-17 12:01:42,019 - utils.logging_config - INFO - Logging configured successfully
2025-06-17 12:01:42,028 - scheduler.cve_scheduler - INFO - Scheduler started - CVE updates every 12 hours, model retraining weekly
2025-06-17 12:01:42,029 - httpx - INFO - HTTP Request: GET https://api.gradio.app/gradio-messaging/en "HTTP/1.1 200 OK"
2025-06-17 12:01:42,159 - httpx - INFO - HTTP Request: GET https://api.gradio.app/gradio-messaging/en "HTTP/1.1 200 OK"
2025-06-17 12:01:42,320 - api.cve_analyst_api - WARNING - Trained model not found, using base model
2025-06-17 18:00:56,804 - scheduler.cve_scheduler - INFO - Starting scheduled CVE data update
2025-06-17 18:00:56,809 - scheduler.cve_scheduler - ERROR - Error during scheduled update: asyncio.run() cannot be called from a running event loop
2025-06-19 08:34:19,881 - utils.logging_config - INFO - Logging configured successfully
2025-06-19 08:34:19,881 - utils.logging_config - INFO - Logging configured successfully
2025-06-19 08:34:19,895 - scheduler.cve_scheduler - INFO - Scheduler started - CVE updates every 12 hours, model retraining weekly
2025-06-19 08:34:19,900 - httpx - INFO - HTTP Request: GET https://api.gradio.app/gradio-messaging/en "HTTP/1.1 200 OK"
2025-06-19 08:34:19,937 - httpx - INFO - HTTP Request: GET https://api.gradio.app/gradio-messaging/en "HTTP/1.1 200 OK"
2025-06-19 08:34:20,240 - api.cve_analyst_api - WARNING - Trained model not found, using base model
2025-06-19 10:01:35,986 - utils.logging_config - INFO - Logging configured successfully
2025-06-19 10:01:35,986 - utils.logging_config - INFO - Logging configured successfully
2025-06-19 10:01:36,006 - scheduler.cve_scheduler - INFO - Scheduler started - CVE updates every 12 hours, model retraining weekly
2025-06-19 10:01:36,186 - httpx - INFO - HTTP Request: GET https://api.gradio.app/gradio-messaging/en "HTTP/1.1 200 OK"
2025-06-19 10:01:36,186 - httpx - INFO - HTTP Request: GET https://api.gradio.app/gradio-messaging/en "HTTP/1.1 200 OK"
2025-06-19 10:01:36,346 - api.cve_analyst_api - WARNING - Trained model not found, using base model
2025-06-19 10:10:23,493 - utils.logging_config - INFO - Logging configured successfully
2025-06-19 10:10:23,521 - utils.logging_config - INFO - Logging configured successfully
2025-06-19 10:10:25,721 - utils.logging_config - INFO - Logging configured successfully
2025-06-19 10:10:25,744 - utils.logging_config - INFO - Logging configured successfully
2025-06-19 10:10:28,002 - utils.logging_config - INFO - Logging configured successfully
2025-06-19 10:10:28,109 - utils.logging_config - INFO - Logging configured successfully
2025-06-19 10:10:30,432 - utils.logging_config - INFO - Logging configured successfully
2025-06-19 10:10:30,432 - utils.logging_config - INFO - Logging configured successfully
2025-06-19 10:10:33,067 - utils.logging_config - INFO - Logging configured successfully
2025-06-19 10:10:33,097 - utils.logging_config - INFO - Logging configured successfully
2025-06-19 10:10:36,528 - utils.logging_config - INFO - Logging configured successfully
2025-06-19 10:10:36,589 - utils.logging_config - INFO - Logging configured successfully
2025-06-19 10:10:41,712 - utils.logging_config - INFO - Logging configured successfully
2025-06-19 10:10:41,734 - utils.logging_config - INFO - Logging configured successfully
2025-06-19 10:10:49,970 - utils.logging_config - INFO - Logging configured successfully
2025-06-19 10:10:49,976 - httpx - INFO - HTTP Request: GET https://api.gradio.app/gradio-messaging/en "HTTP/1.1 200 OK"
2025-06-19 10:10:50,008 - utils.logging_config - INFO - Logging configured successfully
2025-06-19 10:11:02,554 - utils.logging_config - INFO - Logging configured successfully
2025-06-19 10:11:02,704 - utils.logging_config - INFO - Logging configured successfully
2025-06-19 10:11:04,842 - utils.logging_config - INFO - Logging configured successfully
2025-06-19 10:11:04,886 - utils.logging_config - INFO - Logging configured successfully
2025-06-19 10:11:07,207 - utils.logging_config - INFO - Logging configured successfully
2025-06-19 10:11:07,266 - utils.logging_config - INFO - Logging configured successfully
2025-06-19 10:11:09,638 - utils.logging_config - INFO - Logging configured successfully
2025-06-19 10:11:09,692 - utils.logging_config - INFO - Logging configured successfully
2025-06-19 10:11:12,365 - utils.logging_config - INFO - Logging configured successfully
2025-06-19 10:11:12,365 - utils.logging_config - INFO - Logging configured successfully
2025-06-19 10:11:12,399 - httpx - INFO - HTTP Request: GET https://api.gradio.app/gradio-messaging/en "HTTP/1.1 200 OK"
2025-06-19 10:11:15,938 - utils.logging_config - INFO - Logging configured successfully
2025-06-19 10:11:15,963 - utils.logging_config - INFO - Logging configured successfully
2025-06-19 10:11:21,090 - utils.logging_config - INFO - Logging configured successfully
2025-06-19 10:11:21,109 - utils.logging_config - INFO - Logging configured successfully
2025-06-19 10:11:29,333 - utils.logging_config - INFO - Logging configured successfully
2025-06-19 10:11:29,363 - httpx - INFO - HTTP Request: GET https://api.gradio.app/gradio-messaging/en "HTTP/1.1 200 OK"
2025-06-19 10:11:29,395 - utils.logging_config - INFO - Logging configured successfully
2025-06-19 10:11:44,029 - utils.logging_config - INFO - Logging configured successfully
2025-06-19 10:11:44,068 - httpx - INFO - HTTP Request: GET https://api.gradio.app/gradio-messaging/en "HTTP/1.1 200 OK"
2025-06-19 10:11:44,089 - utils.logging_config - INFO - Logging configured successfully
2025-06-19 10:12:11,446 - utils.logging_config - INFO - Logging configured successfully
2025-06-19 10:12:11,481 - utils.logging_config - INFO - Logging configured successfully
2025-06-19 10:12:11,513 - httpx - INFO - HTTP Request: GET https://api.gradio.app/gradio-messaging/en "HTTP/1.1 200 OK"
2025-06-19 10:13:05,359 - utils.logging_config - INFO - Logging configured successfully
2025-06-19 10:13:05,397 - utils.logging_config - INFO - Logging configured successfully
2025-06-19 10:13:07,653 - utils.logging_config - INFO - Logging configured successfully
2025-06-19 10:13:07,745 - utils.logging_config - INFO - Logging configured successfully
2025-06-19 10:13:09,812 - utils.logging_config - INFO - Logging configured successfully
2025-06-19 10:13:09,931 - utils.logging_config - INFO - Logging configured successfully
2025-06-19 10:13:12,193 - utils.logging_config - INFO - Logging configured successfully
2025-06-19 10:13:12,221 - utils.logging_config - INFO - Logging configured successfully
2025-06-19 10:13:12,231 - httpx - INFO - HTTP Request: GET https://api.gradio.app/gradio-messaging/en "HTTP/1.1 200 OK"
2025-06-19 10:13:14,834 - utils.logging_config - INFO - Logging configured successfully
2025-06-19 10:13:14,919 - utils.logging_config - INFO - Logging configured successfully
2025-06-19 10:13:14,968 - httpx - INFO - HTTP Request: GET https://api.gradio.app/gradio-messaging/en "HTTP/1.1 200 OK"
2025-06-19 10:13:18,220 - utils.logging_config - INFO - Logging configured successfully
2025-06-19 10:13:18,295 - utils.logging_config - INFO - Logging configured successfully
2025-06-19 10:13:23,201 - utils.logging_config - INFO - Logging configured successfully
2025-06-19 10:13:23,292 - utils.logging_config - INFO - Logging configured successfully
2025-06-19 10:13:31,543 - utils.logging_config - INFO - Logging configured successfully
2025-06-19 10:13:31,562 - utils.logging_config - INFO - Logging configured successfully
2025-06-19 10:13:46,163 - utils.logging_config - INFO - Logging configured successfully
2025-06-19 10:13:46,226 - utils.logging_config - INFO - Logging configured successfully
2025-06-19 10:14:13,544 - utils.logging_config - INFO - Logging configured successfully
2025-06-19 10:14:13,621 - utils.logging_config - INFO - Logging configured successfully
2025-06-19 10:14:13,649 - httpx - INFO - HTTP Request: GET https://api.gradio.app/gradio-messaging/en "HTTP/1.1 200 OK"
2025-06-19 10:15:06,667 - utils.logging_config - INFO - Logging configured successfully
2025-06-19 10:15:06,778 - utils.logging_config - INFO - Logging configured successfully
2025-06-19 10:15:56,320 - utils.logging_config - INFO - Logging configured successfully
2025-06-19 10:15:56,364 - utils.logging_config - INFO - Logging configured successfully
2025-06-19 10:15:58,589 - utils.logging_config - INFO - Logging configured successfully
2025-06-19 10:15:58,667 - utils.logging_config - INFO - Logging configured successfully
2025-06-19 10:16:00,781 - utils.logging_config - INFO - Logging configured successfully
2025-06-19 10:16:00,926 - utils.logging_config - INFO - Logging configured successfully
2025-06-19 10:16:02,981 - utils.logging_config - INFO - Logging configured successfully
2025-06-19 10:16:03,154 - utils.logging_config - INFO - Logging configured successfully
2025-06-19 10:16:05,618 - utils.logging_config - INFO - Logging configured successfully
2025-06-19 10:16:05,733 - utils.logging_config - INFO - Logging configured successfully
2025-06-19 10:16:05,743 - httpx - INFO - HTTP Request: GET https://api.gradio.app/gradio-messaging/en "HTTP/1.1 200 OK"
2025-06-19 10:16:09,021 - utils.logging_config - INFO - Logging configured successfully
2025-06-19 10:16:09,194 - utils.logging_config - INFO - Logging configured successfully
2025-06-19 10:16:09,209 - httpx - INFO - HTTP Request: GET https://api.gradio.app/gradio-messaging/en "HTTP/1.1 200 OK"
2025-06-19 10:16:14,007 - utils.logging_config - INFO - Logging configured successfully
2025-06-19 10:16:14,215 - utils.logging_config - INFO - Logging configured successfully
2025-06-19 10:16:22,213 - utils.logging_config - INFO - Logging configured successfully
2025-06-19 10:16:22,430 - utils.logging_config - INFO - Logging configured successfully
2025-06-19 10:16:36,854 - utils.logging_config - INFO - Logging configured successfully
2025-06-19 10:16:37,054 - utils.logging_config - INFO - Logging configured successfully
2025-06-19 10:16:37,067 - httpx - INFO - HTTP Request: GET https://api.gradio.app/gradio-messaging/en "HTTP/1.1 200 OK"
2025-06-19 10:17:04,320 - utils.logging_config - INFO - Logging configured successfully
2025-06-19 10:17:04,344 - httpx - INFO - HTTP Request: GET https://api.gradio.app/gradio-messaging/en "HTTP/1.1 200 OK"
2025-06-19 10:17:04,487 - utils.logging_config - INFO - Logging configured successfully
2025-06-19 10:17:04,497 - httpx - INFO - HTTP Request: GET https://api.gradio.app/gradio-messaging/en "HTTP/1.1 200 OK"
2025-06-19 10:17:57,566 - utils.logging_config - INFO - Logging configured successfully
2025-06-19 10:17:57,694 - utils.logging_config - INFO - Logging configured successfully
2025-06-19 10:18:59,343 - utils.logging_config - INFO - Logging configured successfully
2025-06-19 10:18:59,523 - utils.logging_config - INFO - Logging configured successfully
2025-06-19 10:18:59,567 - httpx - INFO - HTTP Request: GET https://api.gradio.app/gradio-messaging/en "HTTP/1.1 200 OK"
2025-06-19 10:19:14,276 - utils.logging_config - INFO - Logging configured successfully
2025-06-19 10:19:14,296 - utils.logging_config - INFO - Logging configured successfully
2025-06-19 10:19:14,405 - httpx - INFO - HTTP Request: GET http://localhost:8000/startup-events "HTTP/1.1 200 OK"
2025-06-19 10:19:14,413 - httpx - INFO - HTTP Request: HEAD http://localhost:8000/ "HTTP/1.1 500 Internal Server Error"
2025-06-19 10:19:14,422 - httpx - INFO - HTTP Request: GET https://checkip.amazonaws.com/ "HTTP/1.1 200 "
2025-06-19 10:19:14,919 - httpx - INFO - HTTP Request: HEAD http://localhost:8000/ "HTTP/1.1 500 Internal Server Error"
2025-06-19 10:19:15,052 - httpx - INFO - HTTP Request: GET https://api.gradio.app/pkg-version "HTTP/1.1 200 OK"
2025-06-19 10:19:15,423 - httpx - INFO - HTTP Request: HEAD http://localhost:8000/ "HTTP/1.1 500 Internal Server Error"
2025-06-19 10:19:15,928 - httpx - INFO - HTTP Request: HEAD http://localhost:8000/ "HTTP/1.1 500 Internal Server Error"
2025-06-19 10:19:16,140 - utils.logging_config - INFO - Logging configured successfully
2025-06-19 10:19:16,171 - httpx - INFO - HTTP Request: GET https://api.gradio.app/gradio-messaging/en "HTTP/1.1 200 OK"
2025-06-19 10:19:16,434 - httpx - INFO - HTTP Request: HEAD http://localhost:8000/ "HTTP/1.1 500 Internal Server Error"
2025-06-19 10:19:18,211 - utils.logging_config - INFO - Logging configured successfully
2025-06-19 10:19:19,339 - utils.logging_config - INFO - Logging configured successfully
2025-06-19 10:19:19,479 - httpx - INFO - HTTP Request: GET http://localhost:8000/startup-events "HTTP/1.1 200 OK"
2025-06-19 10:19:19,489 - httpx - INFO - HTTP Request: GET https://checkip.amazonaws.com/ "HTTP/1.1 200 "
2025-06-19 10:19:19,494 - httpx - INFO - HTTP Request: HEAD http://localhost:8000/ "HTTP/1.1 500 Internal Server Error"
2025-06-19 10:19:19,999 - httpx - INFO - HTTP Request: HEAD http://localhost:8000/ "HTTP/1.1 500 Internal Server Error"
2025-06-19 10:19:20,273 - httpx - INFO - HTTP Request: GET https://api.gradio.app/pkg-version "HTTP/1.1 200 OK"
2025-06-19 10:19:20,436 - utils.logging_config - INFO - Logging configured successfully
2025-06-19 10:19:20,504 - httpx - INFO - HTTP Request: HEAD http://localhost:8000/ "HTTP/1.1 500 Internal Server Error"
2025-06-19 10:19:21,008 - httpx - INFO - HTTP Request: HEAD http://localhost:8000/ "HTTP/1.1 500 Internal Server Error"
2025-06-19 10:19:21,513 - httpx - INFO - HTTP Request: HEAD http://localhost:8000/ "HTTP/1.1 500 Internal Server Error"
2025-06-19 10:19:23,106 - utils.logging_config - INFO - Logging configured successfully
2025-06-19 10:19:24,133 - utils.logging_config - INFO - Logging configured successfully
2025-06-19 10:19:24,243 - httpx - INFO - HTTP Request: GET http://localhost:8000/startup-events "HTTP/1.1 200 OK"
2025-06-19 10:19:24,251 - httpx - INFO - HTTP Request: HEAD http://localhost:8000/ "HTTP/1.1 500 Internal Server Error"
2025-06-19 10:19:24,314 - httpx - INFO - HTTP Request: GET https://checkip.amazonaws.com/ "HTTP/1.1 200 "
2025-06-19 10:19:24,756 - httpx - INFO - HTTP Request: HEAD http://localhost:8000/ "HTTP/1.1 500 Internal Server Error"
2025-06-19 10:19:24,890 - httpx - INFO - HTTP Request: GET https://api.gradio.app/pkg-version "HTTP/1.1 200 OK"
2025-06-19 10:19:25,262 - httpx - INFO - HTTP Request: HEAD http://localhost:8000/ "HTTP/1.1 500 Internal Server Error"
2025-06-19 10:19:25,766 - httpx - INFO - HTTP Request: HEAD http://localhost:8000/ "HTTP/1.1 500 Internal Server Error"
2025-06-19 10:19:26,270 - httpx - INFO - HTTP Request: HEAD http://localhost:8000/ "HTTP/1.1 500 Internal Server Error"
2025-06-19 10:19:26,478 - utils.logging_config - INFO - Logging configured successfully
2025-06-19 10:19:29,084 - utils.logging_config - INFO - Logging configured successfully
2025-06-19 10:19:29,200 - httpx - INFO - HTTP Request: GET http://localhost:8000/startup-events "HTTP/1.1 200 OK"
2025-06-19 10:19:29,208 - httpx - INFO - HTTP Request: HEAD http://localhost:8000/ "HTTP/1.1 500 Internal Server Error"
2025-06-19 10:19:29,222 - httpx - INFO - HTTP Request: GET https://checkip.amazonaws.com/ "HTTP/1.1 200 "
2025-06-19 10:19:29,713 - httpx - INFO - HTTP Request: HEAD http://localhost:8000/ "HTTP/1.1 500 Internal Server Error"
2025-06-19 10:19:30,017 - httpx - INFO - HTTP Request: GET https://api.gradio.app/pkg-version "HTTP/1.1 200 OK"
2025-06-19 10:19:30,223 - httpx - INFO - HTTP Request: HEAD http://localhost:8000/ "HTTP/1.1 500 Internal Server Error"
2025-06-19 10:19:30,729 - httpx - INFO - HTTP Request: HEAD http://localhost:8000/ "HTTP/1.1 500 Internal Server Error"
2025-06-19 10:19:31,233 - httpx - INFO - HTTP Request: HEAD http://localhost:8000/ "HTTP/1.1 500 Internal Server Error"
2025-06-19 10:19:31,458 - utils.logging_config - INFO - Logging configured successfully
2025-06-19 10:19:34,358 - utils.logging_config - INFO - Logging configured successfully
2025-06-19 10:19:34,462 - httpx - INFO - HTTP Request: GET http://localhost:8000/startup-events "HTTP/1.1 200 OK"
2025-06-19 10:19:34,471 - httpx - INFO - HTTP Request: HEAD http://localhost:8000/ "HTTP/1.1 500 Internal Server Error"
2025-06-19 10:19:34,494 - httpx - INFO - HTTP Request: GET https://checkip.amazonaws.com/ "HTTP/1.1 200 "
2025-06-19 10:19:34,975 - httpx - INFO - HTTP Request: HEAD http://localhost:8000/ "HTTP/1.1 500 Internal Server Error"
2025-06-19 10:19:35,095 - httpx - INFO - HTTP Request: GET https://api.gradio.app/pkg-version "HTTP/1.1 200 OK"
2025-06-19 10:19:35,480 - httpx - INFO - HTTP Request: HEAD http://localhost:8000/ "HTTP/1.1 500 Internal Server Error"
2025-06-19 10:19:35,985 - httpx - INFO - HTTP Request: HEAD http://localhost:8000/ "HTTP/1.1 500 Internal Server Error"
2025-06-19 10:19:36,489 - httpx - INFO - HTTP Request: HEAD http://localhost:8000/ "HTTP/1.1 500 Internal Server Error"
2025-06-19 10:19:39,686 - utils.logging_config - INFO - Logging configured successfully
2025-06-19 10:19:40,355 - utils.logging_config - INFO - Logging configured successfully
2025-06-19 10:19:40,464 - httpx - INFO - HTTP Request: GET http://localhost:8000/startup-events "HTTP/1.1 200 OK"
2025-06-19 10:19:40,472 - httpx - INFO - HTTP Request: HEAD http://localhost:8000/ "HTTP/1.1 500 Internal Server Error"
2025-06-19 10:19:40,487 - httpx - INFO - HTTP Request: GET https://checkip.amazonaws.com/ "HTTP/1.1 200 "
2025-06-19 10:19:40,976 - httpx - INFO - HTTP Request: HEAD http://localhost:8000/ "HTTP/1.1 500 Internal Server Error"
2025-06-19 10:19:41,101 - httpx - INFO - HTTP Request: GET https://api.gradio.app/pkg-version "HTTP/1.1 200 OK"
2025-06-19 10:19:41,481 - httpx - INFO - HTTP Request: HEAD http://localhost:8000/ "HTTP/1.1 500 Internal Server Error"
2025-06-19 10:19:41,985 - httpx - INFO - HTTP Request: HEAD http://localhost:8000/ "HTTP/1.1 500 Internal Server Error"
2025-06-19 10:19:42,489 - httpx - INFO - HTTP Request: HEAD http://localhost:8000/ "HTTP/1.1 500 Internal Server Error"
2025-06-19 10:19:48,000 - utils.logging_config - INFO - Logging configured successfully
2025-06-19 10:19:48,021 - httpx - INFO - HTTP Request: GET https://api.gradio.app/gradio-messaging/en "HTTP/1.1 200 OK"
2025-06-19 10:19:48,105 - httpx - INFO - HTTP Request: GET http://localhost:8000/startup-events "HTTP/1.1 200 OK"
2025-06-19 10:19:48,118 - httpx - INFO - HTTP Request: HEAD http://localhost:8000/ "HTTP/1.1 500 Internal Server Error"
2025-06-19 10:19:48,134 - httpx - INFO - HTTP Request: GET https://checkip.amazonaws.com/ "HTTP/1.1 200 "
2025-06-19 10:19:48,625 - httpx - INFO - HTTP Request: HEAD http://localhost:8000/ "HTTP/1.1 500 Internal Server Error"
2025-06-19 10:19:48,733 - httpx - INFO - HTTP Request: GET https://api.gradio.app/pkg-version "HTTP/1.1 200 OK"
2025-06-19 10:19:49,129 - httpx - INFO - HTTP Request: HEAD http://localhost:8000/ "HTTP/1.1 500 Internal Server Error"
2025-06-19 10:19:49,634 - httpx - INFO - HTTP Request: HEAD http://localhost:8000/ "HTTP/1.1 500 Internal Server Error"
2025-06-19 10:19:50,139 - httpx - INFO - HTTP Request: HEAD http://localhost:8000/ "HTTP/1.1 500 Internal Server Error"
2025-06-19 10:23:09,061 - utils.logging_config - INFO - Logging configured successfully
2025-06-19 10:23:09,082 - scheduler.cve_scheduler - INFO - Scheduler started - CVE updates every 12 hours, model retraining weekly
2025-06-19 10:23:09,196 - utils.logging_config - INFO - Logging configured successfully
2025-06-19 10:23:09,303 - httpx - INFO - HTTP Request: GET https://api.gradio.app/gradio-messaging/en "HTTP/1.1 200 OK"
2025-06-19 10:23:09,410 - httpx - INFO - HTTP Request: GET https://api.gradio.app/gradio-messaging/en "HTTP/1.1 200 OK"
2025-06-19 10:23:09,523 - api.cve_analyst_api - WARNING - Trained model not found, using base model
2025-06-19 10:27:52,785 - utils.logging_config - INFO - Logging configured successfully
2025-06-19 10:27:52,785 - utils.logging_config - INFO - Logging configured successfully
2025-06-19 10:27:52,876 - scheduler.cve_scheduler - INFO - Scheduler started - CVE updates every 12 hours, model retraining weekly
2025-06-19 10:27:52,896 - httpx - INFO - HTTP Request: GET https://api.gradio.app/gradio-messaging/en "HTTP/1.1 200 OK"
2025-06-19 10:27:53,041 - httpx - INFO - HTTP Request: GET https://api.gradio.app/gradio-messaging/en "HTTP/1.1 200 OK"
2025-06-19 10:27:53,245 - api.cve_analyst_api - WARNING - Trained model not found, using base model
